
DevTools listening on ws://127.0.0.1:9222/devtools/browser/0f524048-7df3-419e-a18a-8dde507a4108
[868979:869008:0105/201319.163136:ERROR:google_apis/gcm/engine/registration_request.cc:291] Registration response error message: DEPRECATED_ENDPOINT
[869021:869043:0105/201323.892061:ERROR:net/socket/ssl_client_socket_impl.cc:902] handshake failed; returned -1, SSL error code 1, net_error -100
[869021:869043:0105/201328.903288:ERROR:net/socket/ssl_client_socket_impl.cc:902] handshake failed; returned -1, SSL error code 1, net_error -100
[868979:869008:0105/201328.903688:ERROR:google_apis/gcm/engine/connection_factory_impl.cc:434] Failed to connect to MCS endpoint with error -100
[868979:869008:0105/201346.967569:ERROR:google_apis/gcm/engine/registration_request.cc:291] Registration response error message: DEPRECATED_ENDPOINT
[869021:869043:0105/201356.407814:ERROR:net/socket/ssl_client_socket_impl.cc:902] handshake failed; returned -1, SSL error code 1, net_error -100
[869021:869043:0105/201401.417863:ERROR:net/socket/ssl_client_socket_impl.cc:902] handshake failed; returned -1, SSL error code 1, net_error -100
[868979:869008:0105/201401.418309:ERROR:google_apis/gcm/engine/connection_factory_impl.cc:434] Failed to connect to MCS endpoint with error -100
Created TensorFlow Lite XNNPACK delegate for CPU.
[868979:869008:0105/201429.527558:ERROR:google_apis/gcm/engine/registration_request.cc:291] Registration response error message: DEPRECATED_ENDPOINT
[869021:869043:0105/201453.908784:ERROR:net/socket/ssl_client_socket_impl.cc:902] handshake failed; returned -1, SSL error code 1, net_error -100
[869021:869043:0105/201458.928412:ERROR:net/socket/ssl_client_socket_impl.cc:902] handshake failed; returned -1, SSL error code 1, net_error -100
[868979:869008:0105/201458.928859:ERROR:google_apis/gcm/engine/connection_factory_impl.cc:434] Failed to connect to MCS endpoint with error -100
[868979:868979:0105/201510.587595:ERROR:content/common/zygote/zygote_communication_linux.cc:293] Failed to send GetTerminationStatus message to zygote
[868979:868979:0105/201510.592196:ERROR:content/common/zygote/zygote_communication_linux.cc:293] Failed to send GetTerminationStatus message to zygote
[868979:868979:0105/201510.593862:ERROR:content/common/zygote/zygote_communication_linux.cc:293] Failed to send GetTerminationStatus message to zygote

DevTools listening on ws://127.0.0.1:9222/devtools/browser/99f41e7b-19f1-4dad-ae48-62638cdcdae2
[871108:871134:0105/201516.207209:ERROR:google_apis/gcm/engine/registration_request.cc:291] Registration response error message: DEPRECATED_ENDPOINT
[871147:871164:0105/201520.990884:ERROR:net/socket/ssl_client_socket_impl.cc:902] handshake failed; returned -1, SSL error code 1, net_error -100
[871147:871164:0105/201526.003275:ERROR:net/socket/ssl_client_socket_impl.cc:902] handshake failed; returned -1, SSL error code 1, net_error -100
[871108:871134:0105/201526.003715:ERROR:google_apis/gcm/engine/connection_factory_impl.cc:434] Failed to connect to MCS endpoint with error -100
Created TensorFlow Lite XNNPACK delegate for CPU.
[871108:871134:0105/201543.055316:ERROR:google_apis/gcm/engine/registration_request.cc:291] Registration response error message: DEPRECATED_ENDPOINT
[871147:871164:0105/201557.605450:ERROR:net/socket/ssl_client_socket_impl.cc:902] handshake failed; returned -1, SSL error code 1, net_error -100
[871147:871164:0105/201602.615808:ERROR:net/socket/ssl_client_socket_impl.cc:902] handshake failed; returned -1, SSL error code 1, net_error -100
[871108:871134:0105/201602.616283:ERROR:google_apis/gcm/engine/connection_factory_impl.cc:434] Failed to connect to MCS endpoint with error -100
[871108:871134:0105/201635.891653:ERROR:google_apis/gcm/engine/registration_request.cc:291] Registration response error message: DEPRECATED_ENDPOINT
[871147:871164:0105/201657.666285:ERROR:net/socket/ssl_client_socket_impl.cc:902] handshake failed; returned -1, SSL error code 1, net_error -100
[871147:871164:0105/201702.675225:ERROR:net/socket/ssl_client_socket_impl.cc:902] handshake failed; returned -1, SSL error code 1, net_error -100
[871108:871134:0105/201702.675641:ERROR:google_apis/gcm/engine/connection_factory_impl.cc:434] Failed to connect to MCS endpoint with error -100
[871108:871134:0105/201804.397221:ERROR:google_apis/gcm/engine/registration_request.cc:291] Registration response error message: DEPRECATED_ENDPOINT
[871108:871108:0105/201812.786156:ERROR:services/on_device_model/public/cpp/service_client.cc:36] Unexpected on_device_model service disconnect: Error loading backend.
[871108:871108:0105/201836.309516:ERROR:content/common/zygote/zygote_communication_linux.cc:293] Failed to send GetTerminationStatus message to zygote
[871108:871108:0105/201836.311732:ERROR:content/common/zygote/zygote_communication_linux.cc:293] Failed to send GetTerminationStatus message to zygote

DevTools listening on ws://127.0.0.1:9222/devtools/browser/de5c364d-d64a-469b-9d3b-25e4a5494b98
[874027:874054:0105/201841.986245:ERROR:google_apis/gcm/engine/registration_request.cc:291] Registration response error message: DEPRECATED_ENDPOINT
[874067:874088:0105/201846.769418:ERROR:net/socket/ssl_client_socket_impl.cc:902] handshake failed; returned -1, SSL error code 1, net_error -100
[874067:874088:0105/201851.780126:ERROR:net/socket/ssl_client_socket_impl.cc:902] handshake failed; returned -1, SSL error code 1, net_error -100
[874027:874054:0105/201851.780518:ERROR:google_apis/gcm/engine/connection_factory_impl.cc:434] Failed to connect to MCS endpoint with error -100
[874027:874054:0105/201906.073662:ERROR:google_apis/gcm/engine/registration_request.cc:291] Registration response error message: DEPRECATED_ENDPOINT
Created TensorFlow Lite XNNPACK delegate for CPU.
[874067:874088:0105/201922.026731:ERROR:net/socket/ssl_client_socket_impl.cc:902] handshake failed; returned -1, SSL error code 1, net_error -100
[874067:874088:0105/201927.039832:ERROR:net/socket/ssl_client_socket_impl.cc:902] handshake failed; returned -1, SSL error code 1, net_error -100
[874027:874054:0105/201927.040284:ERROR:google_apis/gcm/engine/connection_factory_impl.cc:434] Failed to connect to MCS endpoint with error -100
[874027:874054:0105/201954.529202:ERROR:google_apis/gcm/engine/registration_request.cc:291] Registration response error message: DEPRECATED_ENDPOINT
[874067:874088:0105/202026.601043:ERROR:net/socket/ssl_client_socket_impl.cc:902] handshake failed; returned -1, SSL error code 1, net_error -100
[874067:874088:0105/202031.611545:ERROR:net/socket/ssl_client_socket_impl.cc:902] handshake failed; returned -1, SSL error code 1, net_error -100
[874027:874054:0105/202031.611966:ERROR:google_apis/gcm/engine/connection_factory_impl.cc:434] Failed to connect to MCS endpoint with error -100
[874027:874027:0105/202138.521199:ERROR:services/on_device_model/public/cpp/service_client.cc:36] Unexpected on_device_model service disconnect: Error loading backend.
[874027:874054:0105/202144.625410:ERROR:google_apis/gcm/engine/registration_request.cc:291] Registration response error message: DEPRECATED_ENDPOINT
[874067:874088:0105/202224.182615:ERROR:net/socket/ssl_client_socket_impl.cc:902] handshake failed; returned -1, SSL error code 1, net_error -100
[874067:874088:0105/202229.208860:ERROR:net/socket/ssl_client_socket_impl.cc:902] handshake failed; returned -1, SSL error code 1, net_error -100
[874027:874054:0105/202229.209290:ERROR:google_apis/gcm/engine/connection_factory_impl.cc:434] Failed to connect to MCS endpoint with error -100
[874027:874054:0105/202503.762496:ERROR:google_apis/gcm/engine/registration_request.cc:291] Registration response error message: DEPRECATED_ENDPOINT
[874067:874088:0105/202524.690163:ERROR:net/socket/ssl_client_socket_impl.cc:902] handshake failed; returned -1, SSL error code 1, net_error -100
[874067:874088:0105/202529.699150:ERROR:net/socket/ssl_client_socket_impl.cc:902] handshake failed; returned -1, SSL error code 1, net_error -100
[874027:874054:0105/202529.701392:ERROR:google_apis/gcm/engine/connection_factory_impl.cc:434] Failed to connect to MCS endpoint with error -100
[874067:874088:0105/203128.618421:ERROR:net/socket/ssl_client_socket_impl.cc:902] handshake failed; returned -1, SSL error code 1, net_error -100
[874067:874088:0105/203131.856310:ERROR:net/socket/ssl_client_socket_impl.cc:902] handshake failed; returned -1, SSL error code 1, net_error -100
[874027:874054:0105/203131.856718:ERROR:google_apis/gcm/engine/connection_factory_impl.cc:434] Failed to connect to MCS endpoint with error -100
[874027:874054:0105/203218.140870:ERROR:google_apis/gcm/engine/registration_request.cc:291] Registration response error message: DEPRECATED_ENDPOINT
[874067:874088:0105/204136.880903:ERROR:net/socket/ssl_client_socket_impl.cc:902] handshake failed; returned -1, SSL error code 1, net_error -100
[874067:874088:0105/204141.890640:ERROR:net/socket/ssl_client_socket_impl.cc:902] handshake failed; returned -1, SSL error code 1, net_error -100
[874027:874054:0105/204141.891044:ERROR:google_apis/gcm/engine/connection_factory_impl.cc:434] Failed to connect to MCS endpoint with error -100
[874067:874088:0105/205146.904377:ERROR:net/socket/ssl_client_socket_impl.cc:902] handshake failed; returned -1, SSL error code 1, net_error -100
[874067:874088:0105/205151.914515:ERROR:net/socket/ssl_client_socket_impl.cc:902] handshake failed; returned -1, SSL error code 1, net_error -100
[874027:874054:0105/205151.915017:ERROR:google_apis/gcm/engine/connection_factory_impl.cc:434] Failed to connect to MCS endpoint with error -100
[874067:874088:0105/210156.929841:ERROR:net/socket/ssl_client_socket_impl.cc:902] handshake failed; returned -1, SSL error code 1, net_error -100
[874067:874088:0105/210159.678609:ERROR:net/socket/ssl_client_socket_impl.cc:902] handshake failed; returned -1, SSL error code 1, net_error -100
[874027:874054:0105/210159.679040:ERROR:google_apis/gcm/engine/connection_factory_impl.cc:434] Failed to connect to MCS endpoint with error -100
[874067:874088:0105/211204.708054:ERROR:net/socket/ssl_client_socket_impl.cc:902] handshake failed; returned -1, SSL error code 1, net_error -100
[874067:874088:0105/211209.718124:ERROR:net/socket/ssl_client_socket_impl.cc:902] handshake failed; returned -1, SSL error code 1, net_error -100
[874027:874054:0105/211209.718565:ERROR:google_apis/gcm/engine/connection_factory_impl.cc:434] Failed to connect to MCS endpoint with error -100
[874067:874088:0105/212214.806390:ERROR:net/socket/ssl_client_socket_impl.cc:902] handshake failed; returned -1, SSL error code 1, net_error -100
[874067:874088:0105/212219.816358:ERROR:net/socket/ssl_client_socket_impl.cc:902] handshake failed; returned -1, SSL error code 1, net_error -100
[874027:874054:0105/212219.816782:ERROR:google_apis/gcm/engine/connection_factory_impl.cc:434] Failed to connect to MCS endpoint with error -100
[874067:874088:0105/213224.828348:ERROR:net/socket/ssl_client_socket_impl.cc:902] handshake failed; returned -1, SSL error code 1, net_error -100
[874067:874088:0105/213229.840592:ERROR:net/socket/ssl_client_socket_impl.cc:902] handshake failed; returned -1, SSL error code 1, net_error -100
[874027:874054:0105/213229.841031:ERROR:google_apis/gcm/engine/connection_factory_impl.cc:434] Failed to connect to MCS endpoint with error -100
[874067:874088:0105/214234.865266:ERROR:net/socket/ssl_client_socket_impl.cc:902] handshake failed; returned -1, SSL error code 1, net_error -100
[874067:874088:0105/214239.874642:ERROR:net/socket/ssl_client_socket_impl.cc:902] handshake failed; returned -1, SSL error code 1, net_error -100
[874027:874054:0105/214239.875160:ERROR:google_apis/gcm/engine/connection_factory_impl.cc:434] Failed to connect to MCS endpoint with error -100
[874067:874088:0105/215244.889338:ERROR:net/socket/ssl_client_socket_impl.cc:902] handshake failed; returned -1, SSL error code 1, net_error -100
[874067:874088:0105/215249.900240:ERROR:net/socket/ssl_client_socket_impl.cc:902] handshake failed; returned -1, SSL error code 1, net_error -100
[874027:874054:0105/215249.900688:ERROR:google_apis/gcm/engine/connection_factory_impl.cc:434] Failed to connect to MCS endpoint with error -100
[874067:874088:0105/220254.912838:ERROR:net/socket/ssl_client_socket_impl.cc:902] handshake failed; returned -1, SSL error code 1, net_error -100
[874067:874088:0105/220259.923387:ERROR:net/socket/ssl_client_socket_impl.cc:902] handshake failed; returned -1, SSL error code 1, net_error -100
[874027:874054:0105/220259.923815:ERROR:google_apis/gcm/engine/connection_factory_impl.cc:434] Failed to connect to MCS endpoint with error -100
[874067:874088:0105/221304.945562:ERROR:net/socket/ssl_client_socket_impl.cc:902] handshake failed; returned -1, SSL error code 1, net_error -100
[874067:874088:0105/221309.956597:ERROR:net/socket/ssl_client_socket_impl.cc:902] handshake failed; returned -1, SSL error code 1, net_error -100
[874027:874054:0105/221309.957217:ERROR:google_apis/gcm/engine/connection_factory_impl.cc:434] Failed to connect to MCS endpoint with error -100
[874067:874088:0105/222314.971028:ERROR:net/socket/ssl_client_socket_impl.cc:902] handshake failed; returned -1, SSL error code 1, net_error -100
[874067:874088:0105/222319.982296:ERROR:net/socket/ssl_client_socket_impl.cc:902] handshake failed; returned -1, SSL error code 1, net_error -100
[874027:874054:0105/222319.982706:ERROR:google_apis/gcm/engine/connection_factory_impl.cc:434] Failed to connect to MCS endpoint with error -100
[874067:874088:0105/223324.999783:ERROR:net/socket/ssl_client_socket_impl.cc:902] handshake failed; returned -1, SSL error code 1, net_error -100
[874067:874088:0105/223330.011206:ERROR:net/socket/ssl_client_socket_impl.cc:902] handshake failed; returned -1, SSL error code 1, net_error -100
[874027:874054:0105/223330.011651:ERROR:google_apis/gcm/engine/connection_factory_impl.cc:434] Failed to connect to MCS endpoint with error -100
[874067:874088:0105/224335.037175:ERROR:net/socket/ssl_client_socket_impl.cc:902] handshake failed; returned -1, SSL error code 1, net_error -100
[874067:874088:0105/224340.047065:ERROR:net/socket/ssl_client_socket_impl.cc:902] handshake failed; returned -1, SSL error code 1, net_error -100
[874027:874054:0105/224340.047676:ERROR:google_apis/gcm/engine/connection_factory_impl.cc:434] Failed to connect to MCS endpoint with error -100
[874067:874088:0105/225345.060456:ERROR:net/socket/ssl_client_socket_impl.cc:902] handshake failed; returned -1, SSL error code 1, net_error -100
[874067:874088:0105/225350.070497:ERROR:net/socket/ssl_client_socket_impl.cc:902] handshake failed; returned -1, SSL error code 1, net_error -100
[874027:874054:0105/225350.070890:ERROR:google_apis/gcm/engine/connection_factory_impl.cc:434] Failed to connect to MCS endpoint with error -100
[874067:874088:0105/230355.090967:ERROR:net/socket/ssl_client_socket_impl.cc:902] handshake failed; returned -1, SSL error code 1, net_error -100
[874067:874088:0105/230400.106195:ERROR:net/socket/ssl_client_socket_impl.cc:902] handshake failed; returned -1, SSL error code 1, net_error -100
[874027:874054:0105/230400.106575:ERROR:google_apis/gcm/engine/connection_factory_impl.cc:434] Failed to connect to MCS endpoint with error -100
[874067:874088:0105/231405.123741:ERROR:net/socket/ssl_client_socket_impl.cc:902] handshake failed; returned -1, SSL error code 1, net_error -100
[874067:874088:0105/231410.135238:ERROR:net/socket/ssl_client_socket_impl.cc:902] handshake failed; returned -1, SSL error code 1, net_error -100
[874027:874054:0105/231410.135600:ERROR:google_apis/gcm/engine/connection_factory_impl.cc:434] Failed to connect to MCS endpoint with error -100
[874067:874088:0105/232415.151023:ERROR:net/socket/ssl_client_socket_impl.cc:902] handshake failed; returned -1, SSL error code 1, net_error -100
[874067:874088:0105/232420.161727:ERROR:net/socket/ssl_client_socket_impl.cc:902] handshake failed; returned -1, SSL error code 1, net_error -100
[874027:874054:0105/232420.162147:ERROR:google_apis/gcm/engine/connection_factory_impl.cc:434] Failed to connect to MCS endpoint with error -100
[874067:874088:0105/233425.186344:ERROR:net/socket/ssl_client_socket_impl.cc:902] handshake failed; returned -1, SSL error code 1, net_error -100
[874067:874088:0105/233430.207024:ERROR:net/socket/ssl_client_socket_impl.cc:902] handshake failed; returned -1, SSL error code 1, net_error -100
[874027:874054:0105/233430.207379:ERROR:google_apis/gcm/engine/connection_factory_impl.cc:434] Failed to connect to MCS endpoint with error -100
[874067:874088:0105/234435.226807:ERROR:net/socket/ssl_client_socket_impl.cc:902] handshake failed; returned -1, SSL error code 1, net_error -100
[874067:874088:0105/234440.236330:ERROR:net/socket/ssl_client_socket_impl.cc:902] handshake failed; returned -1, SSL error code 1, net_error -100
[874027:874054:0105/234440.237733:ERROR:google_apis/gcm/engine/connection_factory_impl.cc:434] Failed to connect to MCS endpoint with error -100
[874067:874088:0105/235445.254130:ERROR:net/socket/ssl_client_socket_impl.cc:902] handshake failed; returned -1, SSL error code 1, net_error -100
[874067:874088:0105/235450.268887:ERROR:net/socket/ssl_client_socket_impl.cc:902] handshake failed; returned -1, SSL error code 1, net_error -100
[874027:874054:0105/235450.269299:ERROR:google_apis/gcm/engine/connection_factory_impl.cc:434] Failed to connect to MCS endpoint with error -100
[874067:874088:0105/235458.807395:ERROR:net/socket/ssl_client_socket_impl.cc:902] handshake failed; returned -1, SSL error code 1, net_error -100
[874067:874088:0105/235503.818982:ERROR:net/socket/ssl_client_socket_impl.cc:902] handshake failed; returned -1, SSL error code 1, net_error -100
[874027:874054:0105/235503.819385:ERROR:google_apis/gcm/engine/connection_factory_impl.cc:434] Failed to connect to MCS endpoint with error -100
[874067:874088:0106/000455.285301:ERROR:net/socket/ssl_client_socket_impl.cc:902] handshake failed; returned -1, SSL error code 1, net_error -100
[874067:874088:0106/000500.297772:ERROR:net/socket/ssl_client_socket_impl.cc:902] handshake failed; returned -1, SSL error code 1, net_error -100
[874027:874054:0106/000500.298197:ERROR:google_apis/gcm/engine/connection_factory_impl.cc:434] Failed to connect to MCS endpoint with error -100
[874027:874027:0106/001030.370675:ERROR:content/common/zygote/zygote_communication_linux.cc:293] Failed to send GetTerminationStatus message to zygote
[874027:874027:0106/001030.384683:ERROR:content/common/zygote/zygote_communication_linux.cc:293] Failed to send GetTerminationStatus message to zygote
[874027:874027:0106/001030.385154:ERROR:content/common/zygote/zygote_communication_linux.cc:293] Failed to send GetTerminationStatus message to zygote
[874027:874027:0106/001030.387837:ERROR:content/common/zygote/zygote_communication_linux.cc:293] Failed to send GetTerminationStatus message to zygote
[874027:874027:0106/001030.389161:ERROR:content/common/zygote/zygote_communication_linux.cc:293] Failed to send GetTerminationStatus message to zygote
[874027:874027:0106/001030.390367:ERROR:content/common/zygote/zygote_communication_linux.cc:293] Failed to send GetTerminationStatus message to zygote
[874027:874027:0106/001030.401656:ERROR:content/common/zygote/zygote_communication_linux.cc:293] Failed to send GetTerminationStatus message to zygote
[874027:874027:0106/001030.402243:ERROR:content/common/zygote/zygote_communication_linux.cc:293] Failed to send GetTerminationStatus message to zygote
[874027:874027:0106/001030.404290:ERROR:content/common/zygote/zygote_communication_linux.cc:293] Failed to send GetTerminationStatus message to zygote
[874027:874027:0106/001030.413573:ERROR:content/common/zygote/zygote_communication_linux.cc:293] Failed to send GetTerminationStatus message to zygote
[874027:874027:0106/001030.416391:ERROR:content/common/zygote/zygote_communication_linux.cc:293] Failed to send GetTerminationStatus message to zygote
[874027:874027:0106/001030.474875:ERROR:content/browser/gpu/gpu_process_host.cc:964] GPU process launch failed: error_code=1002
[874027:874027:0106/001030.477427:ERROR:content/browser/gpu/gpu_process_host.cc:964] GPU process launch failed: error_code=1002
[874027:874027:0106/001030.478580:ERROR:content/browser/gpu/gpu_process_host.cc:964] GPU process launch failed: error_code=1002
[874027:874027:0106/001030.479738:ERROR:content/browser/gpu/gpu_process_host.cc:964] GPU process launch failed: error_code=1002
[874027:874027:0106/001030.480732:ERROR:content/browser/gpu/gpu_process_host.cc:964] GPU process launch failed: error_code=1002
[874027:874027:0106/001030.481729:ERROR:content/browser/gpu/gpu_process_host.cc:964] GPU process launch failed: error_code=1002
[874027:874027:0106/001030.481760:FATAL:content/browser/gpu/gpu_data_manager_impl_private.cc:415] GPU process isn't usable. Goodbye.
[0106/001030.504115:ERROR:third_party/crashpad/crashpad/util/file/file_io_posix.cc:145] open /sys/devices/system/cpu/cpu0/cpufreq/scaling_cur_freq: No such file or directory (2)
[0106/001030.504212:ERROR:third_party/crashpad/crashpad/util/file/file_io_posix.cc:145] open /sys/devices/system/cpu/cpu0/cpufreq/scaling_max_freq: No such file or directory (2)
